#
# A fatal error has been detected by the Java Runtime Environment:
#
#  SIGSEGV (0xb) at pc=0x00007fc078534aee, pid=3709, tid=140464563836672
#
# JRE version: 6.0_24-b24
# Java VM: OpenJDK 64-Bit Server VM (20.0-b12 mixed mode linux-amd64 compressed oops)
# Derivative: IcedTea6 1.11.1
# Distribution: Ubuntu precise (development branch), package 6b24-1.11.1-4ubuntu2
# Problematic frame:
# V  [libjvm.so+0x5bcaee]  PhaseIdealLoop::build_loop_late_post(Node*)+0x14e
#
# If you would like to submit a bug report, please include
# instructions how to reproduce the bug and visit:
#   https://bugs.launchpad.net/ubuntu/+source/openjdk-6/
#

---------------  T H R E A D  ---------------

Current thread (0x00007fc0700d9800):  JavaThread "C2 CompilerThread0" daemon [_thread_in_native, id=3721, stack(0x00007fc0745e5000,0x00007fc0746e6000)]

siginfo:si_signo=SIGSEGV: si_errno=0, si_code=1 (SEGV_MAPERR), si_addr=0x0000000000000008

Registers:
RAX=0x0000000000000000, RBX=0x00007fc0746e27d0, RCX=0x00007fc034e17ff0, RDX=0x0000000000002000
RSP=0x00007fc0746e1010, RBP=0x00007fc0746e1050, RSI=0x00007fc030a05010, RDI=0x0000000000000000
R8 =0x00007fc030877320, R9 =0x00007fc0746e27d0, R10=0x00007fc030a05010, R11=0x0000000000000000
R12=0x00007fc034126770, R13=0x00007fc034610828, R14=0x00007fc0746e27f0, R15=0x00007fc0347d4b68
RIP=0x00007fc078534aee, EFLAGS=0x0000000000010206, CSGSFS=0x0000000000000033, ERR=0x0000000000000004
  TRAPNO=0x000000000000000e

Top of Stack: (sp=0x00007fc0746e1010)
0x00007fc0746e1010:   00007fc0311503f8 00007fc0746e12f0
0x00007fc0746e1020:   00007fc0746e1050 00007fc0746e27d0
0x00007fc0746e1030:   0000000000000002 00007fc034126770
0x00007fc0746e1040:   00007fc03046c868 00007fc0746e12f0
0x00007fc0746e1050:   00007fc0746e10c0 00007fc07853505b
0x00007fc0746e1060:   00007fc034163350 00007fc000000100
0x00007fc0746e1070:   00007fc000000001 00007fc0746e3170
0x00007fc0746e1080:   00007fc0746e1310 00007fc0746e12b0
0x00007fc0746e1090:   0000000000001804 00007fc0746e27d0
0x00007fc0746e10a0:   0000000000000007 0000000000000001
0x00007fc0746e10b0:   0000000000000001 00007fc034163350
0x00007fc0746e10c0:   00007fc0746e1360 00007fc078535c22
0x00007fc0746e10d0:   00007fc0307fcbe8 00007fc0341632e0
0x00007fc0746e10e0:   00007fc0746e10f0 00007fc0746e27f0
0x00007fc0746e10f0:   00007fc0746e1150 00007fc0783679ce
0x00007fc0746e1100:   00007fc031024e20 00007fc031a391d8
0x00007fc0746e1110:   0000000000000000 0000000000000038
0x00007fc0746e1120:   00007fc031024e20 00007fc0746e3ef0
0x00007fc0746e1130:   00007fc078b1ef2a 00007fc078b3ab38
0x00007fc0746e1140:   00007fc0746e1d78 00007fc0746e1d98
0x00007fc0746e1150:   00007fc0746e1180 00007fc0785a8874
0x00007fc0746e1160:   00007fc030467670 00007fc0746e1250
0x00007fc0746e1170:   00007fc0746e1180 00007fc0782844a2
0x00007fc0746e1180:   00007fc0746e11e0 00007fc0783e8fe5
0x00007fc0746e1190:   00007fc03489a510 00007fc030a4bac0
0x00007fc0746e11a0:   0000000000000010 0000000000000080
0x00007fc0746e11b0:   0000000000000002 0000000000010040
0x00007fc0746e11c0:   0000000000000000 0000043000001002
0x00007fc0746e11d0:   0000007e000000db 0000007c00000079
0x00007fc0746e11e0:   00007fc0746e12d0 00007fc030000020
0x00007fc0746e11f0:   0000000000010010 0000000000010010
0x00007fc0746e1200:   00007fc0304ed910 0000000000010000 

Instructions: (pc=0x00007fc078534aee)
0x00007fc078534ace:   4c 39 e8 0f 84 ad 03 00 00 8b 70 28 49 89 c7 0f
0x00007fc078534ade:   1f 00 4c 8b 93 e0 09 00 00 49 8d 34 f2 48 8b 06
0x00007fc078534aee:   48 8b 50 08 48 83 3a 00 75 27 8b 4b 28 0f 1f 44
0x00007fc078534afe:   00 00 8b 50 28 31 c0 39 ca 73 0c 48 8b 43 30 48 

Register to memory mapping:

RAX=0x0000000000000000 is an unknown value
RBX=0x00007fc0746e27d0 is pointing into the stack for thread: 0x00007fc0700d9800
RCX=0x00007fc034e17ff0 is an unknown value
RDX=0x0000000000002000 is an unknown value
RSP=0x00007fc0746e1010 is pointing into the stack for thread: 0x00007fc0700d9800
RBP=0x00007fc0746e1050 is pointing into the stack for thread: 0x00007fc0700d9800
RSI=0x00007fc030a05010 is an unknown value
RDI=0x0000000000000000 is an unknown value
R8 =0x00007fc030877320 is an unknown value
R9 =0x00007fc0746e27d0 is pointing into the stack for thread: 0x00007fc0700d9800
R10=0x00007fc030a05010 is an unknown value
R11=0x0000000000000000 is an unknown value
R12=0x00007fc034126770 is an unknown value
R13=0x00007fc034610828 is an unknown value
R14=0x00007fc0746e27f0 is pointing into the stack for thread: 0x00007fc0700d9800
R15=0x00007fc0347d4b68 is an unknown value


Stack: [0x00007fc0745e5000,0x00007fc0746e6000],  sp=0x00007fc0746e1010,  free space=1008k
Native frames: (J=compiled Java code, j=interpreted, Vv=VM code, C=native code)
V  [libjvm.so+0x5bcaee]  PhaseIdealLoop::build_loop_late_post(Node*)+0x14e
V  [libjvm.so+0x5bd05b]  PhaseIdealLoop::build_loop_late(VectorSet&, Node_List&, Node_Stack&)+0x10b
V  [libjvm.so+0x5bdc22]  PhaseIdealLoop::build_and_optimize(bool, bool)+0x692
V  [libjvm.so+0x37bd9a]  Compile::Optimize()+0xd2a
V  [libjvm.so+0x37cb03]  Compile::Compile(ciEnv*, C2Compiler*, ciMethod*, int, bool, bool)+0xad3
V  [libjvm.so+0x306370]  C2Compiler::compile_method(ciEnv*, ciMethod*, int)+0xe0
V  [libjvm.so+0x3811f3]  CompileBroker::invoke_compiler_on_method(CompileTask*)+0x2a3
V  [libjvm.so+0x381b3b]  CompileBroker::compiler_thread_loop()+0x45b
V  [libjvm.so+0x74bd48]  JavaThread::thread_main_inner()+0x58
V  [libjvm.so+0x64bcb2]  java_start(Thread*)+0x112


Current CompileTask:
C2: 824715 1344      jregex.Pretokenizer.next()V (1064 bytes)


---------------  P R O C E S S  ---------------

Java Threads: ( => current thread )
  0x00007fc00c026800 JavaThread "net.sf.ehcache.CacheManager@24295637" daemon [_thread_blocked, id=4040, stack(0x00007fc06c2d8000,0x00007fc06c3d9000)]
  0x00007fc020009000 JavaThread "New I/O server worker #1-2" [_thread_in_native, id=4039, stack(0x00007fc06c9df000,0x00007fc06cae0000)]
  0x00007fc038001000 JavaThread "JDWP Command Reader" daemon [_thread_in_native, id=3761, stack(0x00007fc067bfc000,0x00007fc067cfd000)]
  0x00007fc00c3be000 JavaThread "com.mchange.v2.async.ThreadPoolAsynchronousRunner$PoolThread-#2" daemon [_thread_blocked, id=3746, stack(0x00007fc067cfd000,0x00007fc067dfe000)]
  0x00007fc00c3b3000 JavaThread "com.mchange.v2.async.ThreadPoolAsynchronousRunner$PoolThread-#1" daemon [_thread_blocked, id=3745, stack(0x00007fbfffeff000,0x00007fc000000000)]
  0x00007fc00c3e9800 JavaThread "com.mchange.v2.async.ThreadPoolAsynchronousRunner$PoolThread-#0" daemon [_thread_blocked, id=3744, stack(0x00007fc067dfe000,0x00007fc067eff000)]
  0x00007fc00c376000 JavaThread "Timer-0" daemon [_thread_blocked, id=3743, stack(0x00007fc067eff000,0x00007fc068000000)]
  0x00007fc02400c000 JavaThread "play-thread-1" [_thread_in_Java, id=3741, stack(0x00007fc06c3d9000,0x00007fc06c4da000)]
  0x00007fc07000d000 JavaThread "DestroyJavaVM" [_thread_blocked, id=3710, stack(0x00007fc079831000,0x00007fc079932000)]
  0x00007fc070142000 JavaThread "New I/O server boss #1 ([id: 0x09818f80, /0:0:0:0:0:0:0:0:9000])" [_thread_in_native, id=3725, stack(0x00007fc06cae0000,0x00007fc06cbe1000)]
  0x00007fc0700df000 JavaThread "Low Memory Detector" daemon [_thread_blocked, id=3723, stack(0x00007fc0743e3000,0x00007fc0744e4000)]
  0x00007fc0700dc800 JavaThread "C2 CompilerThread1" daemon [_thread_in_native, id=3722, stack(0x00007fc0744e4000,0x00007fc0745e5000)]
=>0x00007fc0700d9800 JavaThread "C2 CompilerThread0" daemon [_thread_in_native, id=3721, stack(0x00007fc0745e5000,0x00007fc0746e6000)]
  0x00007fc0700d7800 JavaThread "JDWP Event Helper Thread" daemon [_thread_blocked, id=3720, stack(0x00007fc0746e6000,0x00007fc0747e7000)]
  0x00007fc0700d3800 JavaThread "JDWP Transport Listener: dt_socket" daemon [_thread_blocked, id=3719, stack(0x00007fc0747e7000,0x00007fc0748e8000)]
  0x00007fc07008f000 JavaThread "Signal Dispatcher" daemon [_thread_blocked, id=3718, stack(0x00007fc074aed000,0x00007fc074bee000)]
  0x00007fc07007d800 JavaThread "Finalizer" daemon [_thread_blocked, id=3717, stack(0x00007fc074bee000,0x00007fc074cef000)]
  0x00007fc07007b800 JavaThread "Reference Handler" daemon [_thread_blocked, id=3716, stack(0x00007fc074cef000,0x00007fc074df0000)]

Other Threads:
  0x00007fc070074800 VMThread [stack: 0x00007fc074df0000,0x00007fc074ef1000] [id=3715]
  0x00007fc0700e9800 WatcherThread [stack: 0x00007fc0742e2000,0x00007fc0743e3000] [id=3724]

VM state:not at safepoint (normal execution)

VM Mutex/Monitor currently owned by a thread: None

Heap
 PSYoungGen      total 27328K, used 10079K [0x00000000eb800000, 0x00000000ee570000, 0x0000000100000000)
  eden space 24768K, 30% used [0x00000000eb800000,0x00000000ebf5ffe8,0x00000000ed030000)
  from space 2560K, 98% used [0x00000000ee2f0000,0x00000000ee568000,0x00000000ee570000)
  to   space 3072K, 0% used [0x00000000edf70000,0x00000000edf70000,0x00000000ee270000)
 PSOldGen        total 41984K, used 21165K [0x00000000c2800000, 0x00000000c5100000, 0x00000000eb800000)
  object space 41984K, 50% used [0x00000000c2800000,0x00000000c3cab4d0,0x00000000c5100000)
 PSPermGen       total 52928K, used 52800K [0x00000000b8200000, 0x00000000bb5b0000, 0x00000000c2800000)
  object space 52928K, 99% used [0x00000000b8200000,0x00000000bb590260,0x00000000bb5b0000)

Code Cache  [0x00007fc06d000000, 0x00007fc06d680000, 0x00007fc070000000)
 total_blobs=1963 nmethods=1293 adapters=631 free_code_cache=43663936 largest_free_block=19648

Dynamic libraries:
00400000-00409000 r-xp 00000000 08:05 8782693                            /usr/lib/jvm/java-6-openjdk-amd64/jre/bin/java
00608000-00609000 r--p 00008000 08:05 8782693                            /usr/lib/jvm/java-6-openjdk-amd64/jre/bin/java
00609000-0060a000 rw-p 00009000 08:05 8782693                            /usr/lib/jvm/java-6-openjdk-amd64/jre/bin/java
01f09000-01f2a000 rw-p 00000000 00:00 0                                  [heap]
b8200000-bb5b0000 rw-p 00000000 00:00 0 
bb5b0000-c2800000 rw-p 00000000 00:00 0 
c2800000-c5100000 rw-p 00000000 00:00 0 
c5100000-eb800000 rw-p 00000000 00:00 0 
eb800000-ee570000 rw-p 00000000 00:00 0 
ee570000-f0980000 ---p 00000000 00:00 0 
f0980000-100000000 rw-p 00000000 00:00 0 
7fbfe8000000-7fbfe8021000 rw-p 00000000 00:00 0 
7fbfe8021000-7fbfec000000 ---p 00000000 00:00 0 
7fbfec000000-7fbfec021000 rw-p 00000000 00:00 0 
7fbfec021000-7fbff0000000 ---p 00000000 00:00 0 
7fbff0000000-7fbff00a4000 rw-p 00000000 00:00 0 
7fbff00a4000-7fbff4000000 ---p 00000000 00:00 0 
7fbff4000000-7fbff4036000 rw-p 00000000 00:00 0 
7fbff4036000-7fbff8000000 ---p 00000000 00:00 0 
7fbff8000000-7fbff8021000 rw-p 00000000 00:00 0 
7fbff8021000-7fbffc000000 ---p 00000000 00:00 0 
7fbfffeff000-7fbffff02000 ---p 00000000 00:00 0 
7fbffff02000-7fc000000000 rw-p 00000000 00:00 0 
7fc000000000-7fc000021000 rw-p 00000000 00:00 0 
7fc000021000-7fc004000000 ---p 00000000 00:00 0 
7fc004000000-7fc004021000 rw-p 00000000 00:00 0 
7fc004021000-7fc008000000 ---p 00000000 00:00 0 
7fc008000000-7fc008021000 rw-p 00000000 00:00 0 
7fc008021000-7fc00c000000 ---p 00000000 00:00 0 
7fc00c000000-7fc00ce5c000 rw-p 00000000 00:00 0 
7fc00ce5c000-7fc010000000 ---p 00000000 00:00 0 
7fc010000000-7fc010021000 rw-p 00000000 00:00 0 
7fc010021000-7fc014000000 ---p 00000000 00:00 0 
7fc014000000-7fc01402f000 rw-p 00000000 00:00 0 
7fc01402f000-7fc018000000 ---p 00000000 00:00 0 
7fc018000000-7fc018021000 rw-p 00000000 00:00 0 
7fc018021000-7fc01c000000 ---p 00000000 00:00 0 
7fc01c000000-7fc01c021000 rw-p 00000000 00:00 0 
7fc01c021000-7fc020000000 ---p 00000000 00:00 0 
7fc020000000-7fc0200d0000 rw-p 00000000 00:00 0 
7fc0200d0000-7fc024000000 ---p 00000000 00:00 0 
7fc024000000-7fc024026000 rw-p 00000000 00:00 0 
7fc024026000-7fc028000000 ---p 00000000 00:00 0 
7fc028000000-7fc028021000 rw-p 00000000 00:00 0 
7fc028021000-7fc02c000000 ---p 00000000 00:00 0 
7fc02c000000-7fc02c021000 rw-p 00000000 00:00 0 
7fc02c021000-7fc030000000 ---p 00000000 00:00 0 
7fc030000000-7fc033004000 rw-p 00000000 00:00 0 
7fc033004000-7fc034000000 ---p 00000000 00:00 0 
7fc034000000-7fc037ff8000 rw-p 00000000 00:00 0 
7fc037ff8000-7fc038000000 ---p 00000000 00:00 0 
7fc038000000-7fc038178000 rw-p 00000000 00:00 0 
7fc038178000-7fc03c000000 ---p 00000000 00:00 0 
7fc03c000000-7fc03c021000 rw-p 00000000 00:00 0 
7fc03c021000-7fc040000000 ---p 00000000 00:00 0 
7fc040000000-7fc040021000 rw-p 00000000 00:00 0 
7fc040021000-7fc044000000 ---p 00000000 00:00 0 
7fc044000000-7fc044021000 rw-p 00000000 00:00 0 
7fc044021000-7fc048000000 ---p 00000000 00:00 0 
7fc048000000-7fc048021000 rw-p 00000000 00:00 0 
7fc048021000-7fc04c000000 ---p 00000000 00:00 0 
7fc04c000000-7fc04c021000 rw-p 00000000 00:00 0 
7fc04c021000-7fc050000000 ---p 00000000 00:00 0 
7fc050000000-7fc050021000 rw-p 00000000 00:00 0 
7fc050021000-7fc054000000 ---p 00000000 00:00 0 
7fc058000000-7fc058028000 rw-p 00000000 00:00 0 
7fc058028000-7fc05c000000 ---p 00000000 00:00 0 
7fc05c000000-7fc05c021000 rw-p 00000000 00:00 0 
7fc05c021000-7fc060000000 ---p 00000000 00:00 0 
7fc060000000-7fc060021000 rw-p 00000000 00:00 0 
7fc060021000-7fc064000000 ---p 00000000 00:00 0 
7fc0678f9000-7fc0678fc000 ---p 00000000 00:00 0 
7fc0678fc000-7fc0679fa000 rw-p 00000000 00:00 0 
7fc0679fa000-7fc0679fd000 ---p 00000000 00:00 0 
7fc0679fd000-7fc067afb000 rw-p 00000000 00:00 0 
7fc067afb000-7fc067afe000 ---p 00000000 00:00 0 
7fc067afe000-7fc067bfc000 rw-p 00000000 00:00 0 
7fc067bfc000-7fc067bff000 ---p 00000000 00:00 0 
7fc067bff000-7fc067cfd000 rw-p 00000000 00:00 0 
7fc067cfd000-7fc067d00000 ---p 00000000 00:00 0 
7fc067d00000-7fc067dfe000 rw-p 00000000 00:00 0 
7fc067dfe000-7fc067e01000 ---p 00000000 00:00 0 
7fc067e01000-7fc067eff000 rw-p 00000000 00:00 0 
7fc067eff000-7fc067f02000 ---p 00000000 00:00 0 
7fc067f02000-7fc068000000 rw-p 00000000 00:00 0 
7fc068000000-7fc068021000 rw-p 00000000 00:00 0 
7fc068021000-7fc06c000000 ---p 00000000 00:00 0 
7fc06c0d1000-7fc06c0d7000 r-xp 00000000 08:05 3676053                    /usr/lib/jvm/java-6-openjdk-amd64/jre/lib/amd64/libmanagement.so
7fc06c0d7000-7fc06c2d6000 ---p 00006000 08:05 3676053                    /usr/lib/jvm/java-6-openjdk-amd64/jre/lib/amd64/libmanagement.so
7fc06c2d6000-7fc06c2d7000 r--p 00005000 08:05 3676053                    /usr/lib/jvm/java-6-openjdk-amd64/jre/lib/amd64/libmanagement.so
7fc06c2d7000-7fc06c2d8000 rw-p 00006000 08:05 3676053                    /usr/lib/jvm/java-6-openjdk-amd64/jre/lib/amd64/libmanagement.so
7fc06c2d8000-7fc06c2db000 ---p 00000000 00:00 0 
7fc06c2db000-7fc06c3d9000 rw-p 00000000 00:00 0 
7fc06c3d9000-7fc06c3dc000 ---p 00000000 00:00 0 
7fc06c3dc000-7fc06c4da000 rw-p 00000000 00:00 0 
7fc06c4da000-7fc06c4dd000 ---p 00000000 00:00 0 
7fc06c4dd000-7fc06c5db000 rw-p 00000000 00:00 0 
7fc06c5db000-7fc06c5de000 ---p 00000000 00:00 0 
7fc06c5de000-7fc06c6dc000 rw-p 00000000 00:00 0 
7fc06c6dc000-7fc06c6df000 ---p 00000000 00:00 0 
7fc06c6df000-7fc06c7dd000 rw-p 00000000 00:00 0 
7fc06c7dd000-7fc06c7e0000 ---p 00000000 00:00 0 
7fc06c7e0000-7fc06c8de000 rw-p 00000000 00:00 0 
7fc06c8de000-7fc06c8e1000 ---p 00000000 00:00 0 
7fc06c8e1000-7fc06c9df000 rw-p 00000000 00:00 0 
7fc06c9df000-7fc06c9e2000 ---p 00000000 00:00 0 
7fc06c9e2000-7fc06cae0000 rw-p 00000000 00:00 0 
7fc06cae0000-7fc06cae3000 ---p 00000000 00:00 0 
7fc06cae3000-7fc06cbe1000 rw-p 00000000 00:00 0 
7fc06cbe1000-7fc06cbe9000 r-xp 00000000 08:05 3673296                    /usr/lib/jvm/java-6-openjdk-amd64/jre/lib/amd64/libnio.so
7fc06cbe9000-7fc06cde8000 ---p 00008000 08:05 3673296                    /usr/lib/jvm/java-6-openjdk-amd64/jre/lib/amd64/libnio.so
7fc06cde8000-7fc06cde9000 r--p 00007000 08:05 3673296                    /usr/lib/jvm/java-6-openjdk-amd64/jre/lib/amd64/libnio.so
7fc06cde9000-7fc06cdea000 rw-p 00008000 08:05 3673296                    /usr/lib/jvm/java-6-openjdk-amd64/jre/lib/amd64/libnio.so
7fc06cdea000-7fc06cdff000 r-xp 00000000 08:05 3676140                    /usr/lib/jvm/java-6-openjdk-amd64/jre/lib/amd64/libnet.so
7fc06cdff000-7fc06cffe000 ---p 00015000 08:05 3676140                    /usr/lib/jvm/java-6-openjdk-amd64/jre/lib/amd64/libnet.so
7fc06cffe000-7fc06cfff000 r--p 00014000 08:05 3676140                    /usr/lib/jvm/java-6-openjdk-amd64/jre/lib/amd64/libnet.so
7fc06cfff000-7fc06d000000 rw-p 00015000 08:05 3676140                    /usr/lib/jvm/java-6-openjdk-amd64/jre/lib/amd64/libnet.so
7fc06d000000-7fc06d680000 rwxp 00000000 00:00 0 
7fc06d680000-7fc070560000 rw-p 00000000 00:00 0 
7fc070560000-7fc074000000 ---p 00000000 00:00 0 
7fc074037000-7fc07403e000 r--s 00038000 08:05 6162475                    /home/simon/bin/play/framework/lib/jj-wikitext.jar
7fc07403e000-7fc074049000 r--s 0008b000 08:05 6162440                    /home/simon/bin/play/framework/lib/c3p0-0.9.1.2.jar
7fc074049000-7fc07404c000 r--s 0001f000 08:05 6162462                    /home/simon/bin/play/framework/lib/hibernate-ehcache-4.1.0.Final.jar
7fc07404c000-7fc074051000 r--s 00041000 08:05 6162449                    /home/simon/bin/play/framework/lib/commons-lang-2.6.jar
7fc074051000-7fc074056000 r--s 0002e000 08:05 6162436                    /home/simon/bin/play/framework/lib/asm-all-3.3.1.jar
7fc074056000-7fc074057000 r--s 00000000 08:05 6162468                    /home/simon/bin/play/framework/lib/javax.inject-1.0.jar
7fc074057000-7fc07405a000 r--s 00011000 08:05 6162453                    /home/simon/bin/play/framework/lib/ezmorph-1.0.3.jar
7fc07405a000-7fc074069000 r--s 000d9000 08:05 6162465                    /home/simon/bin/play/framework/lib/ivy-2.2.0.jar
7fc074069000-7fc07406e000 r--s 00015000 08:05 6162464                    /home/simon/bin/play/framework/lib/hibernate-jpa-2.0-api-1.0.1.Final.jar
7fc07406e000-7fc074071000 r--s 0000f000 08:05 6162454                    /home/simon/bin/play/framework/lib/geronimo-servlet_2.5_spec-1.2.jar
7fc074071000-7fc0740cd000 r--s 00586000 08:05 6162455                    /home/simon/bin/play/framework/lib/groovy-all-1.8.6.jar
7fc0740cd000-7fc0740cf000 r--s 0000c000 08:05 6162434                    /home/simon/bin/play/framework/lib/activation-1.1.1.jar
7fc0740cf000-7fc0740d2000 r--s 00024000 08:05 6162447                    /home/simon/bin/play/framework/lib/commons-io-2.0.1.jar
7fc0740d2000-7fc0740d8000 r--s 00038000 08:05 6162493                    /home/simon/bin/play/framework/lib/snakeyaml-1.7.jar
7fc0740d8000-7fc0740df000 r--s 00049000 08:05 6162488                    /home/simon/bin/play/framework/lib/oval-1.50.jar
7fc0740df000-7fc0740e3000 r--s 00027000 08:05 6162456                    /home/simon/bin/play/framework/lib/gson-1.7.1.jar
7fc0740e3000-7fc0740e4000 r--s 00002000 08:05 6162471                    /home/simon/bin/play/framework/lib/jboss-transaction-api_1.1_spec-1.0.0.Final.jar
7fc0740e4000-7fc0740e6000 r--s 0000b000 08:05 6162474                    /home/simon/bin/play/framework/lib/jj-textile.jar
7fc0740e6000-7fc0740e8000 r--s 00002000 08:05 6162479                    /home/simon/bin/play/framework/lib/jta-1.1.jar
7fc0740e8000-7fc0740ea000 r--s 00015000 08:05 6162473                    /home/simon/bin/play/framework/lib/jj-simplecaptcha.jar
7fc0740ea000-7fc0740ef000 r--s 00068000 08:05 6162435                    /home/simon/bin/play/framework/lib/antlr-2.7.7.jar
7fc0740ef000-7fc0740f1000 r--s 00001000 08:05 6162478                    /home/simon/bin/play/framework/lib/jsr107cache-1.0.jar
7fc0740f1000-7fc07413c000 r--s 003d4000 08:05 6162461                    /home/simon/bin/play/framework/lib/hibernate-core-4.1.0.Final.jar
7fc07413c000-7fc07413d000 r--s 00002000 08:05 6162492                    /home/simon/bin/play/framework/lib/slf4j-log4j12-1.6.1.jar
7fc07413d000-7fc074148000 r--s 0005a000 08:05 6162494                    /home/simon/bin/play/framework/lib/xstream-1.3.jar
7fc074148000-7fc07414f000 r--s 0006a000 08:05 6162483                    /home/simon/bin/play/framework/lib/mail-1.4.3.jar
7fc07414f000-7fc074151000 r--s 00015000 08:05 6162477                    /home/simon/bin/play/framework/lib/jregex-1.2_01.jar
7fc074151000-7fc074153000 r--s 00008000 08:05 6162490                    /home/simon/bin/play/framework/lib/signpost-core-1.2.jar
7fc074153000-7fc074158000 r--s 00048000 08:05 6162451                    /home/simon/bin/play/framework/lib/dom4j-1.6.1.jar
7fc074158000-7fc074161000 r--s 0006d000 08:05 6162482                    /home/simon/bin/play/framework/lib/log4j-1.2.16.jar
7fc074161000-7fc07416a000 r--s 00095000 08:05 6162467                    /home/simon/bin/play/framework/lib/javassist-3.15.0.GA.jar
7fc07416a000-7fc074170000 r--s 00032000 08:05 6162469                    /home/simon/bin/play/framework/lib/jaxen-1.1.jar
7fc074170000-7fc07417b000 r--s 00124000 08:05 6162457                    /home/simon/bin/play/framework/lib/h2-1.3.149.jar
7fc07417b000-7fc074189000 r--s 0007f000 08:05 6162444                    /home/simon/bin/play/framework/lib/commons-collections-3.2.1.jar
7fc074189000-7fc074190000 r--s 000b7000 08:05 6162485                    /home/simon/bin/play/framework/lib/mysql-connector-java-5.1.13.jar
7fc074190000-7fc074196000 r--s 00049000 08:05 6162441                    /home/simon/bin/play/framework/lib/cglib-nodep-2.2.jar
7fc074196000-7fc07419d000 r--s 0004d000 08:05 6162437                    /home/simon/bin/play/framework/lib/async-http-client-1.6.5.jar
7fc07419d000-7fc0741a3000 r--s 00040000 08:05 6162484                    /home/simon/bin/play/framework/lib/memcached-2.6.jar
7fc0741a3000-7fc0741b2000 r--s 0007c000 08:05 6162476                    /home/simon/bin/play/framework/lib/joda-time-2.0.jar
7fc0741b2000-7fc0741b9000 r--s 000fb000 08:05 8782670                    /usr/lib/jvm/java-6-openjdk-common/jre/lib/resources.jar
7fc0741b9000-7fc0741cb000 r--s 000cf000 08:05 6162486                    /home/simon/bin/play/framework/lib/netty-3.3.1.Final.jar
7fc0741cb000-7fc0741f5000 r--s 0042d000 08:05 6162487                    /home/simon/bin/play/framework/lib/org.eclipse.jdt.core-3.8.0.v_C18.jar
7fc0741f5000-7fc07421a000 r--s 00172000 08:05 6162438                    /home/simon/bin/play/framework/lib/bcprov-jdk15-1.45.jar
7fc07421a000-7fc07422f000 r--s 000e1000 08:05 6162452                    /home/simon/bin/play/framework/lib/ehcache-core-2.4.3.jar
7fc074235000-7fc074237000 r--s 00009000 08:05 6162458                    /home/simon/bin/play/framework/lib/hibernate-c3p0-4.1.0.Final.jar
7fc074237000-7fc074241000 r--s 0006b000 08:05 6162463                    /home/simon/bin/play/framework/lib/hibernate-entitymanager-4.1.0.Final.jar
7fc074241000-7fc074242000 r--s 00007000 08:05 6162445                    /home/simon/bin/play/framework/lib/commons-email-1.2.jar
7fc074242000-7fc074245000 r--s 00022000 08:05 6162466                    /home/simon/bin/play/framework/lib/jamon-2.7.jar
7fc074245000-7fc074249000 r--s 00021000 08:05 6162439                    /home/simon/bin/play/framework/lib/bytecodeparser-0.2.jar
7fc074249000-7fc07424b000 r--s 00005000 08:05 6162491                    /home/simon/bin/play/framework/lib/slf4j-api-1.6.1.jar
7fc07424b000-7fc07424d000 r--s 0000d000 08:05 6162450                    /home/simon/bin/play/framework/lib/commons-logging-1.1.1.jar
7fc07424d000-7fc07424f000 r--s 0000d000 08:05 6162446                    /home/simon/bin/play/framework/lib/commons-fileupload-1.2.2.jar
7fc07424f000-7fc074254000 r--s 00020000 08:05 6162472                    /home/simon/bin/play/framework/lib/jj-imaging.jar
7fc074254000-7fc074256000 r--s 0000d000 08:05 6162470                    /home/simon/bin/play/framework/lib/jboss-logging-3.1.0.CR2.jar
7fc074256000-7fc07425b000 r--s 00034000 08:05 6162442                    /home/simon/bin/play/framework/lib/commons-beanutils-1.8.3.jar
7fc07425b000-7fc07425e000 r--s 00016000 08:05 6162448                    /home/simon/bin/play/framework/lib/commons-javaflow-1209105.jar
7fc07425e000-7fc074264000 r--s 00034000 08:05 6162480                    /home/simon/bin/play/framework/lib/junit-4.8.1.jar
7fc074264000-7fc07426a000 r--s 0007e000 08:05 6162489                    /home/simon/bin/play/framework/lib/postgresql-9.0.jar
7fc07426a000-7fc07426d000 r--s 00011000 08:05 6162459                    /home/simon/bin/play/framework/lib/hibernate-commons-annotations-4.0.1.Final.jar
7fc07426d000-7fc07426e000 r--s 00002000 08:05 8389487                    /home/simon/projects/9dials/webapp/modules/fbgraph-0.4/lib/play-fbgraph.jar
7fc07426e000-7fc074271000 r--s 00018000 08:05 8389488                    /home/simon/projects/9dials/webapp/modules/fbgraph-0.4/lib/restfb-1.6.9.jar
7fc074271000-7fc074272000 r--s 00001000 08:05 6816959                    /home/simon/bin/play/modules/testrunner/lib/play-testrunner.jar
7fc074272000-7fc074278000 r--s 00030000 08:05 7604727                    /home/simon/projects/9dials/webapp/lib/httpcore-4.2-beta1.jar
7fc074278000-7fc074281000 r--s 0005e000 08:05 7604517                    /home/simon/projects/9dials/webapp/lib/httpclient-4.2-beta1.jar
7fc074281000-7fc0742d2000 r--s 002ad000 08:05 7604347                    /home/simon/projects/9dials/webapp/lib/aws-java-sdk-1.2.7.jar
7fc0742d2000-7fc0742d8000 r--s 00042000 08:05 8131931                    /home/simon/projects/9dials/webapp/lib/jsoup-1.6.2.jar
7fc0742d8000-7fc0742e2000 r--s 00106000 08:05 7604211                    /home/simon/projects/9dials/webapp/lib/silvertunnel-0.13.jar
7fc0742e2000-7fc0742e3000 ---p 00000000 00:00 0 
7fc0742e3000-7fc0743e3000 rw-p 00000000 00:00 0 
7fc0743e3000-7fc0743e6000 ---p 00000000 00:00 0 
7fc0743e6000-7fc0744e4000 rw-p 00000000 00:00 0 
7fc0744e4000-7fc0744e7000 ---p 00000000 00:00 0 
7fc0744e7000-7fc0745e5000 rw-p 00000000 00:00 0 
7fc0745e5000-7fc0745e8000 ---p 00000000 00:00 0 
7fc0745e8000-7fc0746e6000 rw-p 00000000 00:00 0 
7fc0746e6000-7fc0746e9000 ---p 00000000 00:00 0 
7fc0746e9000-7fc0747e7000 rw-p 00000000 00:00 0 
7fc0747e7000-7fc0747ea000 ---p 00000000 00:00 0 
7fc0747ea000-7fc0748e8000 rw-p 00000000 00:00 0 
7fc0748e8000-7fc0748ec000 r-xp 00000000 08:05 3676060                    /usr/lib/jvm/java-6-openjdk-amd64/jre/lib/amd64/libdt_socket.so
7fc0748ec000-7fc074aeb000 ---p 00004000 08:05 3676060                    /usr/lib/jvm/java-6-openjdk-amd64/jre/lib/amd64/libdt_socket.so
7fc074aeb000-7fc074aec000 r--p 00003000 08:05 3676060                    /usr/lib/jvm/java-6-openjdk-amd64/jre/lib/amd64/libdt_socket.so
7fc074aec000-7fc074aed000 rw-p 00004000 08:05 3676060                    /usr/lib/jvm/java-6-openjdk-amd64/jre/lib/amd64/libdt_socket.so
7fc074aed000-7fc074af0000 ---p 00000000 00:00 0 
7fc074af0000-7fc074bee000 rw-p 00000000 00:00 0 
7fc074bee000-7fc074bf1000 ---p 00000000 00:00 0 
7fc074bf1000-7fc074cef000 rw-p 00000000 00:00 0 
7fc074cef000-7fc074cf2000 ---p 00000000 00:00 0 
7fc074cf2000-7fc074df0000 rw-p 00000000 00:00 0 
7fc074df0000-7fc074df1000 ---p 00000000 00:00 0 
7fc074df1000-7fc075429000 rw-p 00000000 00:00 0 
7fc075429000-7fc0755b9000 r--s 037ba000 08:05 3672812                    /usr/lib/jvm/java-6-openjdk-amd64/jre/lib/rt.jar
7fc0755b9000-7fc0755e1000 rw-p 00000000 00:00 0 
7fc0755e1000-7fc0755e2000 ---p 00000000 00:00 0 
7fc0755e2000-7fc0756e2000 rw-p 00000000 00:00 0 
7fc0756e2000-7fc0756e3000 ---p 00000000 00:00 0 
7fc0756e3000-7fc0757e3000 rw-p 00000000 00:00 0 
7fc0757e3000-7fc0757e4000 ---p 00000000 00:00 0 
7fc0757e4000-7fc0758e4000 rw-p 00000000 00:00 0 
7fc0758e4000-7fc0758e5000 ---p 00000000 00:00 0 
7fc0758e5000-7fc0759ff000 rw-p 00000000 00:00 0 
7fc0759ff000-7fc075a38000 rw-p 00000000 00:00 0 
7fc075a38000-7fc075a4d000 rw-p 00000000 00:00 0 
7fc075a4d000-7fc075b80000 rw-p 00000000 00:00 0 
7fc075b80000-7fc075b9a000 rw-p 00000000 00:00 0 
7fc075b9a000-7fc075bd3000 rw-p 00000000 00:00 0 
7fc075bd3000-7fc075be8000 rw-p 00000000 00:00 0 
7fc075be8000-7fc075d1b000 rw-p 00000000 00:00 0 
7fc075d1b000-7fc075d32000 rw-p 00000000 00:00 0 
7fc075d32000-7fc075d44000 ---p 00000000 00:00 0 
7fc075d44000-7fc075dbf000 rw-p 00000000 00:00 0 
7fc075dbf000-7fc075dc0000 rw-p 00000000 00:00 0 
7fc075dc0000-7fc075dc7000 r-xp 00000000 08:05 3673297                    /usr/lib/jvm/java-6-openjdk-amd64/jre/lib/amd64/libzip.so
7fc075dc7000-7fc075fc6000 ---p 00007000 08:05 3673297                    /usr/lib/jvm/java-6-openjdk-amd64/jre/lib/amd64/libzip.so
7fc075fc6000-7fc075fc7000 r--p 00006000 08:05 3673297                    /usr/lib/jvm/java-6-openjdk-amd64/jre/lib/amd64/libzip.so
7fc075fc7000-7fc075fc8000 rw-p 00007000 08:05 3673297                    /usr/lib/jvm/java-6-openjdk-amd64/jre/lib/amd64/libzip.so
7fc075fc8000-7fc075fd4000 r-xp 00000000 08:05 5505111                    /lib/x86_64-linux-gnu/libnss_files-2.15.so
7fc075fd4000-7fc0761d3000 ---p 0000c000 08:05 5505111                    /lib/x86_64-linux-gnu/libnss_files-2.15.so
7fc0761d3000-7fc0761d4000 r--p 0000b000 08:05 5505111                    /lib/x86_64-linux-gnu/libnss_files-2.15.so
7fc0761d4000-7fc0761d5000 rw-p 0000c000 08:05 5505111                    /lib/x86_64-linux-gnu/libnss_files-2.15.so
7fc0761d5000-7fc0761df000 r-xp 00000000 08:05 5505116                    /lib/x86_64-linux-gnu/libnss_nis-2.15.so
7fc0761df000-7fc0763df000 ---p 0000a000 08:05 5505116                    /lib/x86_64-linux-gnu/libnss_nis-2.15.so
7fc0763df000-7fc0763e0000 r--p 0000a000 08:05 5505116                    /lib/x86_64-linux-gnu/libnss_nis-2.15.so
7fc0763e0000-7fc0763e1000 rw-p 0000b000 08:05 5505116                    /lib/x86_64-linux-gnu/libnss_nis-2.15.so
7fc0763e1000-7fc0763f8000 r-xp 00000000 08:05 5505089                    /lib/x86_64-linux-gnu/libnsl-2.15.so
7fc0763f8000-7fc0765f7000 ---p 00017000 08:05 5505089                    /lib/x86_64-linux-gnu/libnsl-2.15.so
7fc0765f7000-7fc0765f8000 r--p 00016000 08:05 5505089                    /lib/x86_64-linux-gnu/libnsl-2.15.so
7fc0765f8000-7fc0765f9000 rw-p 00017000 08:05 5505089                    /lib/x86_64-linux-gnu/libnsl-2.15.so
7fc0765f9000-7fc0765fb000 rw-p 00000000 00:00 0 
7fc0765fb000-7fc076603000 r-xp 00000000 08:05 5505126                    /lib/x86_64-linux-gnu/libnss_compat-2.15.so
7fc076603000-7fc076802000 ---p 00008000 08:05 5505126                    /lib/x86_64-linux-gnu/libnss_compat-2.15.so
7fc076802000-7fc076803000 r--p 00007000 08:05 5505126                    /lib/x86_64-linux-gnu/libnss_compat-2.15.so
7fc076803000-7fc076804000 rw-p 00008000 08:05 5505126                    /lib/x86_64-linux-gnu/libnss_compat-2.15.so
7fc076804000-7fc076ad7000 r--p 00000000 08:05 1575975                    /usr/lib/locale/locale-archive
7fc076ad7000-7fc076ada000 r-xp 00000000 08:05 3673282                    /usr/lib/jvm/java-6-openjdk-amd64/jre/lib/amd64/libnpt.so
7fc076ada000-7fc076cd9000 ---p 00003000 08:05 3673282                    /usr/lib/jvm/java-6-openjdk-amd64/jre/lib/amd64/libnpt.so
7fc076cd9000-7fc076cda000 r--p 00002000 08:05 3673282                    /usr/lib/jvm/java-6-openjdk-amd64/jre/lib/amd64/libnpt.so
7fc076cda000-7fc076cdb000 rw-p 00003000 08:05 3673282                    /usr/lib/jvm/java-6-openjdk-amd64/jre/lib/amd64/libnpt.so
7fc076cdb000-7fc076ce4000 r-xp 00000000 08:05 3676057                    /usr/lib/jvm/java-6-openjdk-amd64/jre/lib/amd64/libinstrument.so
7fc076ce4000-7fc076ee4000 ---p 00009000 08:05 3676057                    /usr/lib/jvm/java-6-openjdk-amd64/jre/lib/amd64/libinstrument.so
7fc076ee4000-7fc076ee5000 r--p 00009000 08:05 3676057                    /usr/lib/jvm/java-6-openjdk-amd64/jre/lib/amd64/libinstrument.so
7fc076ee5000-7fc076ee6000 rw-p 0000a000 08:05 3676057                    /usr/lib/jvm/java-6-openjdk-amd64/jre/lib/amd64/libinstrument.so
7fc076ee6000-7fc076f20000 r-xp 00000000 08:05 3676062                    /usr/lib/jvm/java-6-openjdk-amd64/jre/lib/amd64/libjdwp.so
7fc076f20000-7fc07711f000 ---p 0003a000 08:05 3676062                    /usr/lib/jvm/java-6-openjdk-amd64/jre/lib/amd64/libjdwp.so
7fc07711f000-7fc077120000 r--p 00039000 08:05 3676062                    /usr/lib/jvm/java-6-openjdk-amd64/jre/lib/amd64/libjdwp.so
7fc077120000-7fc077121000 rw-p 0003a000 08:05 3676062                    /usr/lib/jvm/java-6-openjdk-amd64/jre/lib/amd64/libjdwp.so
7fc077121000-7fc07714d000 r-xp 00000000 08:05 3673291                    /usr/lib/jvm/java-6-openjdk-amd64/jre/lib/amd64/libjava.so
7fc07714d000-7fc07734c000 ---p 0002c000 08:05 3673291                    /usr/lib/jvm/java-6-openjdk-amd64/jre/lib/amd64/libjava.so
7fc07734c000-7fc07734d000 r--p 0002b000 08:05 3673291                    /usr/lib/jvm/java-6-openjdk-amd64/jre/lib/amd64/libjava.so
7fc07734d000-7fc077350000 rw-p 0002c000 08:05 3673291                    /usr/lib/jvm/java-6-openjdk-amd64/jre/lib/amd64/libjava.so
7fc077350000-7fc07735e000 r-xp 00000000 08:05 3674603                    /usr/lib/jvm/java-6-openjdk-amd64/jre/lib/amd64/libverify.so
7fc07735e000-7fc07755d000 ---p 0000e000 08:05 3674603                    /usr/lib/jvm/java-6-openjdk-amd64/jre/lib/amd64/libverify.so
7fc07755d000-7fc07755f000 r--p 0000d000 08:05 3674603                    /usr/lib/jvm/java-6-openjdk-amd64/jre/lib/amd64/libverify.so
7fc07755f000-7fc077560000 rw-p 0000f000 08:05 3674603                    /usr/lib/jvm/java-6-openjdk-amd64/jre/lib/amd64/libverify.so
7fc077560000-7fc077567000 r-xp 00000000 08:05 5505092                    /lib/x86_64-linux-gnu/librt-2.15.so
7fc077567000-7fc077766000 ---p 00007000 08:05 5505092                    /lib/x86_64-linux-gnu/librt-2.15.so
7fc077766000-7fc077767000 r--p 00006000 08:05 5505092                    /lib/x86_64-linux-gnu/librt-2.15.so
7fc077767000-7fc077768000 rw-p 00007000 08:05 5505092                    /lib/x86_64-linux-gnu/librt-2.15.so
7fc077768000-7fc07777d000 r-xp 00000000 08:05 5508772                    /lib/x86_64-linux-gnu/libgcc_s.so.1
7fc07777d000-7fc07797c000 ---p 00015000 08:05 5508772                    /lib/x86_64-linux-gnu/libgcc_s.so.1
7fc07797c000-7fc07797d000 r--p 00014000 08:05 5508772                    /lib/x86_64-linux-gnu/libgcc_s.so.1
7fc07797d000-7fc07797e000 rw-p 00015000 08:05 5508772                    /lib/x86_64-linux-gnu/libgcc_s.so.1
7fc07797e000-7fc077a77000 r-xp 00000000 08:05 5505057                    /lib/x86_64-linux-gnu/libm-2.15.so
7fc077a77000-7fc077c76000 ---p 000f9000 08:05 5505057                    /lib/x86_64-linux-gnu/libm-2.15.so
7fc077c76000-7fc077c77000 r--p 000f8000 08:05 5505057                    /lib/x86_64-linux-gnu/libm-2.15.so
7fc077c77000-7fc077c78000 rw-p 000f9000 08:05 5505057                    /lib/x86_64-linux-gnu/libm-2.15.so
7fc077c78000-7fc077d5a000 r-xp 00000000 08:05 1573191                    /usr/lib/x86_64-linux-gnu/libstdc++.so.6.0.16
7fc077d5a000-7fc077f59000 ---p 000e2000 08:05 1573191                    /usr/lib/x86_64-linux-gnu/libstdc++.so.6.0.16
7fc077f59000-7fc077f61000 r--p 000e1000 08:05 1573191                    /usr/lib/x86_64-linux-gnu/libstdc++.so.6.0.16
7fc077f61000-7fc077f63000 rw-p 000e9000 08:05 1573191                    /usr/lib/x86_64-linux-gnu/libstdc++.so.6.0.16
7fc077f63000-7fc077f78000 rw-p 00000000 00:00 0 
7fc077f78000-7fc07887c000 r-xp 00000000 08:05 8782734                    /usr/lib/jvm/java-6-openjdk-amd64/jre/lib/amd64/server/libjvm.so
7fc07887c000-7fc078a7b000 ---p 00904000 08:05 8782734                    /usr/lib/jvm/java-6-openjdk-amd64/jre/lib/amd64/server/libjvm.so
7fc078a7b000-7fc078afc000 r--p 00903000 08:05 8782734                    /usr/lib/jvm/java-6-openjdk-amd64/jre/lib/amd64/server/libjvm.so
7fc078afc000-7fc078b17000 rw-p 00984000 08:05 8782734                    /usr/lib/jvm/java-6-openjdk-amd64/jre/lib/amd64/server/libjvm.so
7fc078b17000-7fc078b40000 rw-p 00000000 00:00 0 
7fc078b40000-7fc078b56000 r-xp 00000000 08:05 5505730                    /lib/x86_64-linux-gnu/libz.so.1.2.3.4
7fc078b56000-7fc078d55000 ---p 00016000 08:05 5505730                    /lib/x86_64-linux-gnu/libz.so.1.2.3.4
7fc078d55000-7fc078d56000 r--p 00015000 08:05 5505730                    /lib/x86_64-linux-gnu/libz.so.1.2.3.4
7fc078d56000-7fc078d57000 rw-p 00016000 08:05 5505730                    /lib/x86_64-linux-gnu/libz.so.1.2.3.4
7fc078d57000-7fc078f0a000 r-xp 00000000 08:05 5505058                    /lib/x86_64-linux-gnu/libc-2.15.so
7fc078f0a000-7fc079109000 ---p 001b3000 08:05 5505058                    /lib/x86_64-linux-gnu/libc-2.15.so
7fc079109000-7fc07910d000 r--p 001b2000 08:05 5505058                    /lib/x86_64-linux-gnu/libc-2.15.so
7fc07910d000-7fc07910f000 rw-p 001b6000 08:05 5505058                    /lib/x86_64-linux-gnu/libc-2.15.so
7fc07910f000-7fc079114000 rw-p 00000000 00:00 0 
7fc079114000-7fc079116000 r-xp 00000000 08:05 5505145                    /lib/x86_64-linux-gnu/libdl-2.15.so
7fc079116000-7fc079316000 ---p 00002000 08:05 5505145                    /lib/x86_64-linux-gnu/libdl-2.15.so
7fc079316000-7fc079317000 r--p 00002000 08:05 5505145                    /lib/x86_64-linux-gnu/libdl-2.15.so
7fc079317000-7fc079318000 rw-p 00003000 08:05 5505145                    /lib/x86_64-linux-gnu/libdl-2.15.so
7fc079318000-7fc07931c000 r-xp 00000000 08:05 8782729                    /usr/lib/jvm/java-6-openjdk-amd64/jre/lib/amd64/jli/libjli.so
7fc07931c000-7fc07951b000 ---p 00004000 08:05 8782729                    /usr/lib/jvm/java-6-openjdk-amd64/jre/lib/amd64/jli/libjli.so
7fc07951b000-7fc07951c000 r--p 00003000 08:05 8782729                    /usr/lib/jvm/java-6-openjdk-amd64/jre/lib/amd64/jli/libjli.so
7fc07951c000-7fc07951d000 rw-p 00004000 08:05 8782729                    /usr/lib/jvm/java-6-openjdk-amd64/jre/lib/amd64/jli/libjli.so
7fc07951d000-7fc079535000 r-xp 00000000 08:05 5505172                    /lib/x86_64-linux-gnu/libpthread-2.15.so
7fc079535000-7fc079734000 ---p 00018000 08:05 5505172                    /lib/x86_64-linux-gnu/libpthread-2.15.so
7fc079734000-7fc079735000 r--p 00017000 08:05 5505172                    /lib/x86_64-linux-gnu/libpthread-2.15.so
7fc079735000-7fc079736000 rw-p 00018000 08:05 5505172                    /lib/x86_64-linux-gnu/libpthread-2.15.so
7fc079736000-7fc07973a000 rw-p 00000000 00:00 0 
7fc07973a000-7fc07975c000 r-xp 00000000 08:05 5505068                    /lib/x86_64-linux-gnu/ld-2.15.so
7fc07975c000-7fc07975e000 r--s 0000d000 08:05 6162443                    /home/simon/bin/play/framework/lib/commons-codec-1.4.jar
7fc07975e000-7fc079760000 r--s 00005000 08:05 7604658                    /home/simon/projects/9dials/webapp/lib/stax-api-1.0.1.jar
7fc079760000-7fc079764000 r--s 00034000 08:05 7603244                    /home/simon/projects/9dials/webapp/lib/jackson-core-asl-1.9.6.jar
7fc079764000-7fc079771000 r--s 000c6000 08:05 6164325                    /home/simon/bin/play/framework/play-master-da9bb15.jar
7fc079771000-7fc07978b000 rw-p 00000000 00:00 0 
7fc07978b000-7fc079831000 rw-p 00000000 00:00 0 
7fc079831000-7fc079834000 ---p 00000000 00:00 0 
7fc079834000-7fc079937000 rw-p 00000000 00:00 0 
7fc079937000-7fc07993a000 r--s 00018000 08:05 7604215                    /home/simon/projects/9dials/webapp/lib/restfb-1.6.9.jar
7fc07993a000-7fc07993d000 r--s 00029000 08:05 7604906                    /home/simon/projects/9dials/webapp/lib/stax-1.2.0.jar
7fc07993d000-7fc07993e000 rw-p 00000000 00:00 0 
7fc07993e000-7fc079941000 r--s 0007d000 08:05 8782667                    /usr/lib/jvm/java-6-openjdk-common/jre/lib/jsse.jar
7fc079941000-7fc079943000 r--s 00001000 08:05 8782650                    /usr/lib/jvm/java-6-openjdk-common/jre/lib/ext/dnsns.jar
7fc079943000-7fc079947000 r--s 00038000 08:05 8782649                    /usr/lib/jvm/java-6-openjdk-common/jre/lib/ext/sunpkcs11.jar
7fc079947000-7fc07994a000 r--s 00031000 08:05 8782652                    /usr/lib/jvm/java-6-openjdk-common/jre/lib/ext/sunjce_provider.jar
7fc07994a000-7fc07994c000 r--s 0000f000 08:05 8782653                    /usr/lib/jvm/java-6-openjdk-common/jre/lib/ext/pulse-java.jar
7fc07994c000-7fc07994f000 r--s 00077000 08:05 8782651                    /usr/lib/jvm/java-6-openjdk-common/jre/lib/ext/localedata.jar
7fc07994f000-7fc079950000 r--s 00007000 08:05 1966693                    /usr/share/java/java-atk-wrapper.jar
7fc079950000-7fc079958000 rw-s 00000000 08:05 8390527                    /tmp/hsperfdata_simon/3709
7fc079958000-7fc079959000 rw-p 00000000 00:00 0 
7fc079959000-7fc07995a000 r--p 00000000 00:00 0 
7fc07995a000-7fc07995c000 rw-p 00000000 00:00 0 
7fc07995c000-7fc07995d000 r--p 00022000 08:05 5505068                    /lib/x86_64-linux-gnu/ld-2.15.so
7fc07995d000-7fc07995f000 rw-p 00023000 08:05 5505068                    /lib/x86_64-linux-gnu/ld-2.15.so
7fff1453c000-7fff1455e000 rw-p 00000000 00:00 0                          [stack]
7fff145ff000-7fff14600000 r-xp 00000000 00:00 0                          [vdso]
ffffffffff600000-ffffffffff601000 r-xp 00000000 00:00 0                  [vsyscall]

VM Arguments:
jvm_args: -javaagent:/home/simon/bin/play/framework/play-master-da9bb15.jar -XX:-UseSplitVerifier -Dfile.encoding=utf-8 -Xdebug -Xrunjdwp:transport=dt_socket,address=8000,server=y,suspend=n -Dplay.debug=yes -Dapplication.path=/home/simon/projects/9dials/webapp -Dplay.id=test 
java_command: play.server.Server 
Launcher Type: SUN_STANDARD

Environment Variables:
PATH=/home/simon/bin:/usr/lib/lightdm/lightdm:/usr/local/sbin:/usr/local/bin:/usr/sbin:/usr/bin:/sbin:/bin:/usr/games:/opt/roo/bin:/home/simon/bin/play:/opt/flex_sdk/bin
LD_LIBRARY_PATH=/usr/lib/jvm/java-6-openjdk-amd64/jre/lib/amd64/server:/usr/lib/jvm/java-6-openjdk-amd64/jre/lib/amd64:/usr/lib/jvm/java-6-openjdk-amd64/jre/../lib/amd64
SHELL=/bin/bash
DISPLAY=:0

Signal Handlers:
SIGSEGV: [libjvm.so+0x783f70], sa_mask[0]=0x7ffbfeff, sa_flags=0x10000004
SIGBUS: [libjvm.so+0x783f70], sa_mask[0]=0x7ffbfeff, sa_flags=0x10000004
SIGFPE: [libjvm.so+0x648640], sa_mask[0]=0x7ffbfeff, sa_flags=0x10000004
SIGPIPE: [libjvm.so+0x648640], sa_mask[0]=0x7ffbfeff, sa_flags=0x10000004
SIGXFSZ: [libjvm.so+0x648640], sa_mask[0]=0x7ffbfeff, sa_flags=0x10000004
SIGILL: [libjvm.so+0x648640], sa_mask[0]=0x7ffbfeff, sa_flags=0x10000004
SIGUSR1: SIG_DFL, sa_mask[0]=0x00000000, sa_flags=0x00000000
SIGUSR2: [libjvm.so+0x6487f0], sa_mask[0]=0x00000000, sa_flags=0x10000004
SIGHUP: [libjvm.so+0x64b310], sa_mask[0]=0x7ffbfeff, sa_flags=0x10000004
SIGINT: [libjvm.so+0x64b310], sa_mask[0]=0x7ffbfeff, sa_flags=0x10000004
SIGTERM: [libjvm.so+0x64b310], sa_mask[0]=0x7ffbfeff, sa_flags=0x10000004
SIGQUIT: [libjvm.so+0x64b310], sa_mask[0]=0x7ffbfeff, sa_flags=0x10000004


---------------  S Y S T E M  ---------------

OS:Ubuntu 12.04 (precise)
uname:Linux 3.2.0-24-generic #37-Ubuntu SMP Wed Apr 25 08:43:22 UTC 2012 x86_64
libc:glibc 2.15 NPTL 2.15 
rlimit: STACK 8192k, CORE 0k, NPROC 31343, NOFILE 4096, AS infinity
load average:0.41 0.52 0.57

/proc/meminfo:
MemTotal:        4029580 kB
MemFree:          373816 kB
Buffers:          133852 kB
Cached:          1408008 kB
SwapCached:            0 kB
Active:          2175800 kB
Inactive:        1254328 kB
Active(anon):    1889768 kB
Inactive(anon):     9936 kB
Active(file):     286032 kB
Inactive(file):  1244392 kB
Unevictable:          16 kB
Mlocked:              16 kB
SwapTotal:       4173820 kB
SwapFree:        4173820 kB
Dirty:               196 kB
Writeback:             0 kB
AnonPages:       1888916 kB
Mapped:           218616 kB
Shmem:             10940 kB
Slab:              93100 kB
SReclaimable:      57632 kB
SUnreclaim:        35468 kB
KernelStack:        4296 kB
PageTables:        38620 kB
NFS_Unstable:          0 kB
Bounce:                0 kB
WritebackTmp:          0 kB
CommitLimit:     6188608 kB
Committed_AS:    4481212 kB
VmallocTotal:   34359738367 kB
VmallocUsed:       94176 kB
VmallocChunk:   34359637220 kB
HardwareCorrupted:     0 kB
AnonHugePages:         0 kB
HugePages_Total:       0
HugePages_Free:        0
HugePages_Rsvd:        0
HugePages_Surp:        0
Hugepagesize:       2048 kB
DirectMap4k:       65524 kB
DirectMap2M:     4112384 kB


CPU:total 4 (2 cores per cpu, 2 threads per core) family 6 model 42 stepping 7, cmov, cx8, fxsr, mmx, sse, sse2, sse3, ssse3, sse4.1, sse4.2, popcnt, ht

Memory: 4k page, physical 4029580k(373816k free), swap 4173820k(4173820k free)

vm_info: OpenJDK 64-Bit Server VM (20.0-b12) for linux-amd64 JRE (1.6.0_24-b24), built on Apr 12 2012 23:58:42 by "buildd" with gcc 4.6.3

time: Tue May 15 00:13:02 2012
elapsed time: 824 seconds

